<?xml version="1.0" encoding="UTF-8"?>
<!-- Generated by org.testng.reporters.JUnitReportReporter -->
<testsuite hostname="Blossoms" failures="0" tests="47" name="testRunner.CucumberTest" time="148.562" errors="0" timestamp="2024-12-04T13:27:59 CST" skipped="0">
  <testcase classname="testRunner.CucumberTest" name="runScenario" time="2.947"/>
  <testcase classname="testRunner.CucumberTest" name="runScenario" time="3.076"/>
  <testcase classname="testRunner.CucumberTest" name="runScenario" time="3.308"/>
  <testcase classname="testRunner.CucumberTest" name="runScenario" time="3.148"/>
  <testcase classname="testRunner.CucumberTest" name="runScenario" time="3.404"/>
  <testcase classname="testRunner.CucumberTest" name="runScenario" time="2.657"/>
  <testcase classname="testRunner.CucumberTest" name="runScenario" time="2.907"/>
  <testcase classname="testRunner.CucumberTest" name="runScenario" time="3.439"/>
  <testcase classname="testRunner.CucumberTest" name="runScenario" time="2.133"/>
  <testcase classname="testRunner.CucumberTest" name="runScenario" time="3.741"/>
  <testcase classname="testRunner.CucumberTest" name="runScenario" time="3.253"/>
  <testcase classname="testRunner.CucumberTest" name="runScenario" time="3.745"/>
  <testcase classname="testRunner.CucumberTest" name="runScenario" time="3.472"/>
  <testcase classname="testRunner.CucumberTest" name="runScenario" time="2.276"/>
  <testcase classname="testRunner.CucumberTest" name="runScenario" time="3.338"/>
  <testcase classname="testRunner.CucumberTest" name="runScenario" time="3.208"/>
  <testcase classname="testRunner.CucumberTest" name="runScenario" time="2.914"/>
  <testcase classname="testRunner.CucumberTest" name="runScenario" time="2.460"/>
  <testcase classname="testRunner.CucumberTest" name="runScenario" time="2.967"/>
  <testcase classname="testRunner.CucumberTest" name="runScenario" time="3.169"/>
  <testcase classname="testRunner.CucumberTest" name="runScenario" time="3.697"/>
  <testcase classname="testRunner.CucumberTest" name="runScenario" time="3.631"/>
  <testcase classname="testRunner.CucumberTest" name="runScenario" time="2.654"/>
  <testcase classname="testRunner.CucumberTest" name="runScenario" time="2.879"/>
  <testcase classname="testRunner.CucumberTest" name="runScenario" time="3.210"/>
  <testcase classname="testRunner.CucumberTest" name="runScenario" time="3.204"/>
  <testcase classname="testRunner.CucumberTest" name="runScenario" time="3.201"/>
  <testcase classname="testRunner.CucumberTest" name="runScenario" time="3.300"/>
  <testcase classname="testRunner.CucumberTest" name="runScenario" time="2.554"/>
  <testcase classname="testRunner.CucumberTest" name="runScenario" time="3.322"/>
  <testcase classname="testRunner.CucumberTest" name="runScenario" time="3.751"/>
  <testcase classname="testRunner.CucumberTest" name="runScenario" time="2.586"/>
  <testcase classname="testRunner.CucumberTest" name="runScenario" time="2.743"/>
  <testcase classname="testRunner.CucumberTest" name="runScenario" time="3.847"/>
  <testcase classname="testRunner.CucumberTest" name="runScenario" time="2.524"/>
  <testcase classname="testRunner.CucumberTest" name="runScenario" time="2.563"/>
  <testcase classname="testRunner.CucumberTest" name="runScenario" time="3.199"/>
  <testcase classname="testRunner.CucumberTest" name="runScenario" time="3.633"/>
  <testcase classname="testRunner.CucumberTest" name="runScenario" time="3.393"/>
  <testcase classname="testRunner.CucumberTest" name="runScenario" time="3.330"/>
  <testcase classname="testRunner.CucumberTest" name="runScenario" time="3.172"/>
  <testcase classname="testRunner.CucumberTest" name="runScenario" time="3.181"/>
  <testcase classname="testRunner.CucumberTest" name="runScenario" time="3.280"/>
  <testcase classname="testRunner.CucumberTest" name="runScenario" time="3.609"/>
  <testcase classname="testRunner.CucumberTest" name="runScenario" time="4.839"/>
  <testcase classname="testRunner.CucumberTest" name="runScenario" time="2.709"/>
  <testcase classname="testRunner.CucumberTest" name="runScenario" time="2.989"/>
</testsuite> <!-- testRunner.CucumberTest -->
