<?xml version="1.0" encoding="UTF-8"?>
<!-- Generated by org.testng.reporters.JUnitReportReporter -->
<testsuite hostname="Blossoms" failures="0" tests="29" name="testRunner.CucumberTest" time="104.800" errors="0" timestamp="2024-12-02T15:53:33 CST" skipped="0">
  <testcase classname="testRunner.CucumberTest" name="runScenario" time="3.664"/>
  <testcase classname="testRunner.CucumberTest" name="runScenario" time="3.951"/>
  <testcase classname="testRunner.CucumberTest" name="runScenario" time="3.147"/>
  <testcase classname="testRunner.CucumberTest" name="runScenario" time="3.528"/>
  <testcase classname="testRunner.CucumberTest" name="runScenario" time="3.610"/>
  <testcase classname="testRunner.CucumberTest" name="runScenario" time="3.290"/>
  <testcase classname="testRunner.CucumberTest" name="runScenario" time="3.574"/>
  <testcase classname="testRunner.CucumberTest" name="runScenario" time="3.776"/>
  <testcase classname="testRunner.CucumberTest" name="runScenario" time="3.831"/>
  <testcase classname="testRunner.CucumberTest" name="runScenario" time="3.539"/>
  <testcase classname="testRunner.CucumberTest" name="runScenario" time="4.086"/>
  <testcase classname="testRunner.CucumberTest" name="runScenario" time="3.252"/>
  <testcase classname="testRunner.CucumberTest" name="runScenario" time="3.608"/>
  <testcase classname="testRunner.CucumberTest" name="runScenario" time="3.677"/>
  <testcase classname="testRunner.CucumberTest" name="runScenario" time="3.730"/>
  <testcase classname="testRunner.CucumberTest" name="runScenario" time="4.114"/>
  <testcase classname="testRunner.CucumberTest" name="runScenario" time="3.868"/>
  <testcase classname="testRunner.CucumberTest" name="runScenario" time="3.574"/>
  <testcase classname="testRunner.CucumberTest" name="runScenario" time="3.753"/>
  <testcase classname="testRunner.CucumberTest" name="runScenario" time="3.913"/>
  <testcase classname="testRunner.CucumberTest" name="runScenario" time="3.271"/>
  <testcase classname="testRunner.CucumberTest" name="runScenario" time="3.368"/>
  <testcase classname="testRunner.CucumberTest" name="runScenario" time="3.078"/>
  <testcase classname="testRunner.CucumberTest" name="runScenario" time="3.615"/>
  <testcase classname="testRunner.CucumberTest" name="runScenario" time="4.009"/>
  <testcase classname="testRunner.CucumberTest" name="runScenario" time="3.525"/>
  <testcase classname="testRunner.CucumberTest" name="runScenario" time="3.414"/>
  <testcase classname="testRunner.CucumberTest" name="runScenario" time="3.523"/>
  <testcase classname="testRunner.CucumberTest" name="runScenario" time="3.512"/>
</testsuite> <!-- testRunner.CucumberTest -->
