<?xml version="1.0" encoding="UTF-8"?>
<!-- Generated by org.testng.reporters.JUnitReportReporter -->
<testsuite hostname="Blossoms" failures="0" tests="29" name="testRunner.CucumberTest" time="121.851" errors="0" timestamp="2024-12-03T23:23:14 CST" skipped="0">
  <testcase classname="testRunner.CucumberTest" name="runScenario" time="3.601"/>
  <testcase classname="testRunner.CucumberTest" name="runScenario" time="3.780"/>
  <testcase classname="testRunner.CucumberTest" name="runScenario" time="3.940"/>
  <testcase classname="testRunner.CucumberTest" name="runScenario" time="3.767"/>
  <testcase classname="testRunner.CucumberTest" name="runScenario" time="4.283"/>
  <testcase classname="testRunner.CucumberTest" name="runScenario" time="16.128"/>
  <testcase classname="testRunner.CucumberTest" name="runScenario" time="4.314"/>
  <testcase classname="testRunner.CucumberTest" name="runScenario" time="3.578"/>
  <testcase classname="testRunner.CucumberTest" name="runScenario" time="3.446"/>
  <testcase classname="testRunner.CucumberTest" name="runScenario" time="3.737"/>
  <testcase classname="testRunner.CucumberTest" name="runScenario" time="4.057"/>
  <testcase classname="testRunner.CucumberTest" name="runScenario" time="3.692"/>
  <testcase classname="testRunner.CucumberTest" name="runScenario" time="4.333"/>
  <testcase classname="testRunner.CucumberTest" name="runScenario" time="3.494"/>
  <testcase classname="testRunner.CucumberTest" name="runScenario" time="3.274"/>
  <testcase classname="testRunner.CucumberTest" name="runScenario" time="3.512"/>
  <testcase classname="testRunner.CucumberTest" name="runScenario" time="4.450"/>
  <testcase classname="testRunner.CucumberTest" name="runScenario" time="3.119"/>
  <testcase classname="testRunner.CucumberTest" name="runScenario" time="3.790"/>
  <testcase classname="testRunner.CucumberTest" name="runScenario" time="4.230"/>
  <testcase classname="testRunner.CucumberTest" name="runScenario" time="3.820"/>
  <testcase classname="testRunner.CucumberTest" name="runScenario" time="3.586"/>
  <testcase classname="testRunner.CucumberTest" name="runScenario" time="4.307"/>
  <testcase classname="testRunner.CucumberTest" name="runScenario" time="3.386"/>
  <testcase classname="testRunner.CucumberTest" name="runScenario" time="3.442"/>
  <testcase classname="testRunner.CucumberTest" name="runScenario" time="3.639"/>
  <testcase classname="testRunner.CucumberTest" name="runScenario" time="3.620"/>
  <testcase classname="testRunner.CucumberTest" name="runScenario" time="4.045"/>
  <testcase classname="testRunner.CucumberTest" name="runScenario" time="3.481"/>
</testsuite> <!-- testRunner.CucumberTest -->
