<?xml version="1.0" encoding="UTF-8"?>
<!-- Generated by org.testng.reporters.JUnitReportReporter -->
<testsuite hostname="Blossoms" failures="0" tests="5" name="testRunner.CucumberTest" time="18.500" errors="0" timestamp="2024-12-04T17:50:18 CST" skipped="0">
  <testcase classname="testRunner.CucumberTest" name="runScenario" time="4.824"/>
  <testcase classname="testRunner.CucumberTest" name="runScenario" time="3.657"/>
  <testcase classname="testRunner.CucumberTest" name="runScenario" time="3.457"/>
  <testcase classname="testRunner.CucumberTest" name="runScenario" time="3.213"/>
  <testcase classname="testRunner.CucumberTest" name="runScenario" time="3.349"/>
</testsuite> <!-- testRunner.CucumberTest -->
