<?xml version="1.0" encoding="UTF-8"?>
<!-- Generated by org.testng.reporters.JUnitReportReporter -->
<testsuite hostname="Blossoms" failures="0" tests="48" name="testRunner.CucumberTest" time="239.694" errors="0" timestamp="2024-12-04T22:18:36 CST" skipped="0">
  <testcase classname="testRunner.CucumberTest" name="runScenario" time="4.328"/>
  <testcase classname="testRunner.CucumberTest" name="runScenario" time="5.786"/>
  <testcase classname="testRunner.CucumberTest" name="runScenario" time="3.476"/>
  <testcase classname="testRunner.CucumberTest" name="runScenario" time="4.322"/>
  <testcase classname="testRunner.CucumberTest" name="runScenario" time="5.344"/>
  <testcase classname="testRunner.CucumberTest" name="runScenario" time="5.231"/>
  <testcase classname="testRunner.CucumberTest" name="runScenario" time="5.153"/>
  <testcase classname="testRunner.CucumberTest" name="runScenario" time="5.273"/>
  <testcase classname="testRunner.CucumberTest" name="runScenario" time="5.166"/>
  <testcase classname="testRunner.CucumberTest" name="runScenario" time="4.493"/>
  <testcase classname="testRunner.CucumberTest" name="runScenario" time="5.666"/>
  <testcase classname="testRunner.CucumberTest" name="runScenario" time="5.122"/>
  <testcase classname="testRunner.CucumberTest" name="runScenario" time="4.346"/>
  <testcase classname="testRunner.CucumberTest" name="runScenario" time="5.138"/>
  <testcase classname="testRunner.CucumberTest" name="runScenario" time="4.289"/>
  <testcase classname="testRunner.CucumberTest" name="runScenario" time="5.175"/>
  <testcase classname="testRunner.CucumberTest" name="runScenario" time="5.256"/>
  <testcase classname="testRunner.CucumberTest" name="runScenario" time="4.224"/>
  <testcase classname="testRunner.CucumberTest" name="runScenario" time="5.104"/>
  <testcase classname="testRunner.CucumberTest" name="runScenario" time="4.775"/>
  <testcase classname="testRunner.CucumberTest" name="runScenario" time="5.284"/>
  <testcase classname="testRunner.CucumberTest" name="runScenario" time="4.620"/>
  <testcase classname="testRunner.CucumberTest" name="runScenario" time="5.099"/>
  <testcase classname="testRunner.CucumberTest" name="runScenario" time="5.326"/>
  <testcase classname="testRunner.CucumberTest" name="runScenario" time="5.594"/>
  <testcase classname="testRunner.CucumberTest" name="runScenario" time="5.449"/>
  <testcase classname="testRunner.CucumberTest" name="runScenario" time="3.634"/>
  <testcase classname="testRunner.CucumberTest" name="runScenario" time="3.756"/>
  <testcase classname="testRunner.CucumberTest" name="runScenario" time="4.090"/>
  <testcase classname="testRunner.CucumberTest" name="runScenario" time="4.459"/>
  <testcase classname="testRunner.CucumberTest" name="runScenario" time="5.389"/>
  <testcase classname="testRunner.CucumberTest" name="runScenario" time="4.206"/>
  <testcase classname="testRunner.CucumberTest" name="runScenario" time="5.669"/>
  <testcase classname="testRunner.CucumberTest" name="runScenario" time="5.280"/>
  <testcase classname="testRunner.CucumberTest" name="runScenario" time="5.044"/>
  <testcase classname="testRunner.CucumberTest" name="runScenario" time="7.975"/>
  <testcase classname="testRunner.CucumberTest" name="runScenario" time="5.280"/>
  <testcase classname="testRunner.CucumberTest" name="runScenario" time="5.543"/>
  <testcase classname="testRunner.CucumberTest" name="runScenario" time="5.462"/>
  <testcase classname="testRunner.CucumberTest" name="runScenario" time="5.065"/>
  <testcase classname="testRunner.CucumberTest" name="runScenario" time="4.819"/>
  <testcase classname="testRunner.CucumberTest" name="runScenario" time="4.987"/>
  <testcase classname="testRunner.CucumberTest" name="runScenario" time="5.405"/>
  <testcase classname="testRunner.CucumberTest" name="runScenario" time="5.481"/>
  <testcase classname="testRunner.CucumberTest" name="runScenario" time="5.480"/>
  <testcase classname="testRunner.CucumberTest" name="runScenario" time="4.786"/>
  <testcase classname="testRunner.CucumberTest" name="runScenario" time="4.681"/>
  <testcase classname="testRunner.CucumberTest" name="runScenario" time="4.164"/>
</testsuite> <!-- testRunner.CucumberTest -->
