<?xml version="1.0" encoding="UTF-8"?>
<!-- Generated by org.testng.reporters.JUnitReportReporter -->
<testsuite hostname="Blossoms" failures="0" tests="28" name="testRunner.CucumberTest" time="93.093" errors="0" timestamp="2024-12-04T09:22:51 CST" skipped="0">
  <testcase classname="testRunner.CucumberTest" name="runScenario" time="4.051"/>
  <testcase classname="testRunner.CucumberTest" name="runScenario" time="3.774"/>
  <testcase classname="testRunner.CucumberTest" name="runScenario" time="3.190"/>
  <testcase classname="testRunner.CucumberTest" name="runScenario" time="3.027"/>
  <testcase classname="testRunner.CucumberTest" name="runScenario" time="3.196"/>
  <testcase classname="testRunner.CucumberTest" name="runScenario" time="3.241"/>
  <testcase classname="testRunner.CucumberTest" name="runScenario" time="3.233"/>
  <testcase classname="testRunner.CucumberTest" name="runScenario" time="3.276"/>
  <testcase classname="testRunner.CucumberTest" name="runScenario" time="3.337"/>
  <testcase classname="testRunner.CucumberTest" name="runScenario" time="3.529"/>
  <testcase classname="testRunner.CucumberTest" name="runScenario" time="2.933"/>
  <testcase classname="testRunner.CucumberTest" name="runScenario" time="3.224"/>
  <testcase classname="testRunner.CucumberTest" name="runScenario" time="3.227"/>
  <testcase classname="testRunner.CucumberTest" name="runScenario" time="3.015"/>
  <testcase classname="testRunner.CucumberTest" name="runScenario" time="3.765"/>
  <testcase classname="testRunner.CucumberTest" name="runScenario" time="3.321"/>
  <testcase classname="testRunner.CucumberTest" name="runScenario" time="3.506"/>
  <testcase classname="testRunner.CucumberTest" name="runScenario" time="3.518"/>
  <testcase classname="testRunner.CucumberTest" name="runScenario" time="3.549"/>
  <testcase classname="testRunner.CucumberTest" name="runScenario" time="3.146"/>
  <testcase classname="testRunner.CucumberTest" name="runScenario" time="2.902"/>
  <testcase classname="testRunner.CucumberTest" name="runScenario" time="3.235"/>
  <testcase classname="testRunner.CucumberTest" name="runScenario" time="3.251"/>
  <testcase classname="testRunner.CucumberTest" name="runScenario" time="3.011"/>
  <testcase classname="testRunner.CucumberTest" name="runScenario" time="3.815"/>
  <testcase classname="testRunner.CucumberTest" name="runScenario" time="3.297"/>
  <testcase classname="testRunner.CucumberTest" name="runScenario" time="3.250"/>
  <testcase classname="testRunner.CucumberTest" name="runScenario" time="3.274"/>
</testsuite> <!-- testRunner.CucumberTest -->
