<?xml version="1.0" encoding="UTF-8"?>
<!-- Generated by org.testng.reporters.JUnitReportReporter -->
<testsuite hostname="Blossoms" failures="0" tests="9" name="testRunner.CucumberTest" time="27.110" errors="0" timestamp="2024-12-09T15:57:31 CST" skipped="0">
  <testcase classname="testRunner.CucumberTest" name="runScenario" time="2.303"/>
  <testcase classname="testRunner.CucumberTest" name="runScenario" time="2.264"/>
  <testcase classname="testRunner.CucumberTest" name="runScenario" time="3.123"/>
  <testcase classname="testRunner.CucumberTest" name="runScenario" time="2.999"/>
  <testcase classname="testRunner.CucumberTest" name="runScenario" time="2.837"/>
  <testcase classname="testRunner.CucumberTest" name="runScenario" time="3.431"/>
  <testcase classname="testRunner.CucumberTest" name="runScenario" time="3.334"/>
  <testcase classname="testRunner.CucumberTest" name="runScenario" time="4.505"/>
  <testcase classname="testRunner.CucumberTest" name="runScenario" time="2.314"/>
</testsuite> <!-- testRunner.CucumberTest -->
