<?xml version="1.0" encoding="UTF-8"?>
<!-- Generated by org.testng.reporters.JUnitReportReporter -->
<testsuite hostname="Blossoms" failures="0" tests="2" name="testRunner.CucumberTest" time="7.464" errors="0" timestamp="2024-11-27T15:32:13 CST" skipped="0">
  <testcase classname="testRunner.CucumberTest" name="runScenario" time="3.635"/>
  <testcase classname="testRunner.CucumberTest" name="runScenario" time="3.829"/>
</testsuite> <!-- testRunner.CucumberTest -->
